<?xml version="1.0" encoding="UTF-8"?>
<!-- Generated by org.testng.reporters.JUnitReportReporter -->
<testsuite hostname="LAPTOP-6HL9QNBF" failures="0" tests="2" name="Automation_Testing.Mavan_Java.Appium_Code" time="0.010" errors="0" timestamp="2022-08-26T16:36:49 IST" skipped="0">
  <testcase classname="Automation_Testing.Mavan_Java.Appium_Code" name="AppTest1" time="0.009"/>
  <system-out/>
  <testcase classname="Automation_Testing.Mavan_Java.Appium_Code" name="AppTest2" time="0.001"/>
  <system-out/>
</testsuite> <!-- Automation_Testing.Mavan_Java.Appium_Code -->
