<?xml version="1.0" encoding="UTF-8"?>
<!-- Generated by org.testng.reporters.JUnitReportReporter -->
<testsuite hostname="LAPTOP-6HL9QNBF" failures="0" tests="2" name="Automation_Testing.Mavan_Java.Appium_Test" time="0.003" errors="0" timestamp="2022-09-09T20:54:12 IST" skipped="0">
  <testcase classname="Automation_Testing.Mavan_Java.Appium_Test" name="AppTest1" time="0.003"/>
  <system-out/>
  <testcase classname="Automation_Testing.Mavan_Java.Appium_Test" name="AppTest2" time="0.000"/>
  <system-out/>
</testsuite> <!-- Automation_Testing.Mavan_Java.Appium_Test -->
