<?xml version="1.0" encoding="UTF-8"?>
<!-- Generated by org.testng.reporters.JUnitReportReporter -->
<testsuite hostname="LAPTOP-6HL9QNBF" failures="0" tests="2" name="Automation_Testing.Mavan_Java.Selenium_Test" time="0.001" errors="0" timestamp="2022-09-09T20:54:12 IST" skipped="0">
  <testcase classname="Automation_Testing.Mavan_Java.Selenium_Test" name="SelTest1" time="0.001"/>
  <system-out/>
  <testcase classname="Automation_Testing.Mavan_Java.Selenium_Test" name="SelTest2" time="0.000"/>
  <system-out/>
</testsuite> <!-- Automation_Testing.Mavan_Java.Selenium_Test -->
